0 info it worked if it ends with ok
1 verbose cli [ '/usr/local/bin/node', '/usr/local/bin/npm', 'install', 'vite' ]
2 info using npm@3.10.5
3 info using node@v4.4.7
4 silly loadCurrentTree Starting
5 silly install loadCurrentTree
6 silly install readLocalPackageData
7 silly fetchPackageMetaData vite
8 silly fetchNamedPackageData vite
9 silly mapToRegistry name vite
10 silly mapToRegistry using default registry
11 silly mapToRegistry registry https://registry.npmjs.org/
12 silly mapToRegistry data Result {
12 silly mapToRegistry   raw: 'vite',
12 silly mapToRegistry   scope: null,
12 silly mapToRegistry   escapedName: 'vite',
12 silly mapToRegistry   name: 'vite',
12 silly mapToRegistry   rawSpec: '',
12 silly mapToRegistry   spec: 'latest',
12 silly mapToRegistry   type: 'tag' }
13 silly mapToRegistry uri https://registry.npmjs.org/vite
14 verbose request uri https://registry.npmjs.org/vite
15 verbose request no auth needed
16 info attempt registry request try #1 at 09:30:30
17 verbose request id b96c8a7c3ad0afbd
18 verbose etag W/"df22ab419d05cc499ebd2f4ffca602a7"
19 verbose lastModified Thu, 15 Feb 2024 13:58:58 GMT
20 http request GET https://registry.npmjs.org/vite
21 http 304 https://registry.npmjs.org/vite
22 verbose headers { date: 'Sat, 17 Feb 2024 08:30:31 GMT',
22 verbose headers   connection: 'keep-alive',
22 verbose headers   'cf-ray': '856cab348ea79980-CPH',
22 verbose headers   'cf-cache-status': 'HIT',
22 verbose headers   age: '100',
22 verbose headers   'cache-control': 'public, max-age=300',
22 verbose headers   etag: '"df22ab419d05cc499ebd2f4ffca602a7"',
22 verbose headers   'last-modified': 'Thu, 15 Feb 2024 13:58:58 GMT',
22 verbose headers   vary: 'Accept-Encoding',
22 verbose headers   server: 'cloudflare' }
23 silly get cb [ 304,
23 silly get   { date: 'Sat, 17 Feb 2024 08:30:31 GMT',
23 silly get     connection: 'keep-alive',
23 silly get     'cf-ray': '856cab348ea79980-CPH',
23 silly get     'cf-cache-status': 'HIT',
23 silly get     age: '100',
23 silly get     'cache-control': 'public, max-age=300',
23 silly get     etag: '"df22ab419d05cc499ebd2f4ffca602a7"',
23 silly get     'last-modified': 'Thu, 15 Feb 2024 13:58:58 GMT',
23 silly get     vary: 'Accept-Encoding',
23 silly get     server: 'cloudflare' } ]
24 verbose etag https://registry.npmjs.org/vite from cache
25 verbose get saving vite to /Users/johsw/.npm/registry.npmjs.org/vite/.cache.json
26 verbose correctMkdir /Users/johsw/.npm correctMkdir not in flight; initializing
27 silly install normalizeTree
28 silly loadCurrentTree Finishing
29 silly loadIdealTree Starting
30 silly install loadIdealTree
31 silly cloneCurrentTree Starting
32 silly install cloneCurrentTreeToIdealTree
33 silly cloneCurrentTree Finishing
34 silly loadShrinkwrap Starting
35 silly install loadShrinkwrap
36 silly loadShrinkwrap Finishing
37 silly loadAllDepsIntoIdealTree Starting
38 silly install loadAllDepsIntoIdealTree
39 verbose stack Error: Missing required argument #1
39 verbose stack     at andLogAndFinish (/usr/local/lib/node_modules/npm/lib/fetch-package-metadata.js:31:3)
39 verbose stack     at fetchPackageMetadata (/usr/local/lib/node_modules/npm/lib/fetch-package-metadata.js:51:22)
39 verbose stack     at resolveWithNewModule (/usr/local/lib/node_modules/npm/lib/install/deps.js:518:12)
39 verbose stack     at /usr/local/lib/node_modules/npm/lib/install/deps.js:246:5
39 verbose stack     at /usr/local/lib/node_modules/npm/node_modules/slide/lib/async-map.js:52:35
39 verbose stack     at Array.forEach (native)
39 verbose stack     at /usr/local/lib/node_modules/npm/node_modules/slide/lib/async-map.js:52:11
39 verbose stack     at Array.forEach (native)
39 verbose stack     at asyncMap (/usr/local/lib/node_modules/npm/node_modules/slide/lib/async-map.js:51:8)
39 verbose stack     at exports.loadRequestedDeps (/usr/local/lib/node_modules/npm/lib/install/deps.js:244:3)
40 verbose cwd /Users/johsw/htdocs/johanneswehner.com
41 error Darwin 20.6.0
42 error argv "/usr/local/bin/node" "/usr/local/bin/npm" "install" "vite"
43 error node v4.4.7
44 error npm  v3.10.5
45 error code EMISSINGARG
46 error typeerror Error: Missing required argument #1
46 error typeerror     at andLogAndFinish (/usr/local/lib/node_modules/npm/lib/fetch-package-metadata.js:31:3)
46 error typeerror     at fetchPackageMetadata (/usr/local/lib/node_modules/npm/lib/fetch-package-metadata.js:51:22)
46 error typeerror     at resolveWithNewModule (/usr/local/lib/node_modules/npm/lib/install/deps.js:518:12)
46 error typeerror     at /usr/local/lib/node_modules/npm/lib/install/deps.js:246:5
46 error typeerror     at /usr/local/lib/node_modules/npm/node_modules/slide/lib/async-map.js:52:35
46 error typeerror     at Array.forEach (native)
46 error typeerror     at /usr/local/lib/node_modules/npm/node_modules/slide/lib/async-map.js:52:11
46 error typeerror     at Array.forEach (native)
46 error typeerror     at asyncMap (/usr/local/lib/node_modules/npm/node_modules/slide/lib/async-map.js:51:8)
46 error typeerror     at exports.loadRequestedDeps (/usr/local/lib/node_modules/npm/lib/install/deps.js:244:3)
47 error typeerror This is an error with npm itself. Please report this error at:
47 error typeerror     <http://github.com/npm/npm/issues>
48 verbose exit [ 1, true ]
